Arguments: 
  C:\Program Files\nodejs\node.exe C:\Program Files (x86)\Yarn\bin\yarn.js install

PATH: 
  C:\Program Files\Git\mingw64\bin;C:\Program Files\Git\usr\bin;C:\Users\USUARIO\bin;C:\Program Files (x86)\Common Files\Oracle\Java\javapath;C:\WINDOWS\system32;C:\WINDOWS;C:\WINDOWS\System32\Wbem;C:\WINDOWS\System32\WindowsPowerShell\v1.0;C:\WINDOWS\System32\OpenSSH;C:\Program Files\nodejs;C:\Program Files\Git\cmd;C:\Program Files (x86)\Yarn\bin;C:\Users\USUARIO\AppData\Local\Microsoft\WindowsApps;C:\Users\USUARIO\AppData\Local\Programs\Microsoft VS Code\bin;C:\Users\USUARIO\AppData\Roaming\npm;C:\Users\USUARIO\AppData\Local\Yarn\bin;C:\adb;C:\Users\USUARIO\AppData\Local\Microsoft\WindowsApps;C:\Users\USUARIO\AppData\Local\Programs\Microsoft VS Code\bin;C:\Users\USUARIO\AppData\Roaming\npm;C:\Users\USUARIO\AppData\Local\Yarn\bin

Yarn version: 
  1.22.5

Node version: 
  12.19.0

Platform: 
  win32 x64

Trace: 
  Error: https://registry.yarnpkg.com/core-js/-/core-js-2.6.12.tgz: ESOCKETTIMEDOUT
      at ClientRequest.<anonymous> (C:\Program Files (x86)\Yarn\lib\cli.js:141376:19)
      at Object.onceWrapper (events.js:420:28)
      at ClientRequest.emit (events.js:314:20)
      at TLSSocket.emitRequestTimeout (_http_client.js:716:9)
      at Object.onceWrapper (events.js:420:28)
      at TLSSocket.emit (events.js:326:22)
      at TLSSocket.Socket._onTimeout (net.js:484:8)
      at listOnTimeout (internal/timers.js:554:17)
      at processTimers (internal/timers.js:497:7)

npm manifest: 
  {
    "name": "dondemax_web_client",
    "version": "1.0.0",
    "main": "index.js",
    "author": "wonder <gonzalezwonderly@gmail.com>",
    "license": "MIT",
    "scripts": {
      "dev": "next",
      "start": "next start",
      "build": "next build",
      "storybook": "start-storybook -s ./public -p 9001",
      "lint": "eslint . --ext ts --ext tsx --ext js",
      "format": "prettier --write .",
      "type-check": "tsc --pretty --noEmit"
    },
    "dependencies": {
      "@apollo/client": "^3.2.0",
      "@chakra-ui/core": "^1.0.0-rc.7",
      "@david.kucsai/react-pdf-table": "^0.3.0",
      "@iconify/react": "^1.1.3",
      "@react-pdf/renderer": "^1.6.12",
      "@testing-library/react": "^11.1.0",
      "@types/js-cookie": "^2.2.6",
      "@types/jspdf": "^1.3.3",
      "@types/yup": "^0.29.8",
      "apollo-upload-client": "^14.1.2",
      "caniuse-lite": "^1.0.30001180",
      "cross-fetch": "^3.0.6",
      "date-fns": "^2.16.1",
      "formik": "^2.2.0",
      "framer-motion": "^2.9.4",
      "graphql": "^15.3.0",
      "jest": "^26.5.3",
      "js-cookie": "^2.2.1",
      "jspdf": "^2.1.1",
      "jspdf-autotable": "^3.5.13",
      "next": "^10.0.1",
      "next-pwa": "^3.1.5",
      "react": "^16.13.1",
      "react-day-picker": "^7.4.8",
      "react-dom": "^16.13.1",
      "react-dropzone": "^11.2.3",
      "react-multi-carousel": "^2.5.5",
      "react-rating-stars-component": "^2.2.0",
      "react-responsive": "^8.1.0",
      "react-table": "^7.6.1",
      "react-to-pdf": "^0.0.13",
      "react-transition-group": "^4.4.1",
      "sift": "^13.5.0",
      "victory": "^35.4.0",
      "yup": "^0.29.3"
    },
    "devDependencies": {
      "@babel/core": "^7.10.3",
      "@iconify/icons-cib": "^1.0.3",
      "@iconify/icons-cil": "^1.0.3",
      "@iconify/icons-dashicons": "^1.0.10",
      "@iconify/icons-emojione": "^1.0.8",
      "@storybook/addon-actions": "^5.3.19",
      "@storybook/addon-viewport": "^5.3.19",
      "@storybook/react": "^6.0.26",
      "@testing-library/jest-dom": "^5.11.4",
      "@types/jest": "^26.0.14",
      "@types/node": "^13.13.4",
      "@types/react": "^16.9.34",
      "@types/react-table": "^7.0.27",
      "@typescript-eslint/eslint-plugin": "^3.5.0",
      "@typescript-eslint/parser": "^3.5.0",
      "awesome-typescript-loader": "^5.2.1",
      "babel-loader": "^8.1.0",
      "eslint": "^7.11.0",
      "eslint-config-airbnb": "^18.2.0",
      "eslint-config-prettier": "^6.11.0",
      "eslint-plugin-import": "^2.22.0",
      "eslint-plugin-jest": "^24.1.0",
      "eslint-plugin-jest-dom": "^3.2.3",
      "eslint-plugin-jsx-a11y": "^6.3.1",
      "eslint-plugin-prettier": "^3.3.0",
      "eslint-plugin-react": "^7.20.0",
      "eslint-plugin-testing-library": "^3.9.2",
      "prettier": "^2.0.5",
      "react-docgen-typescript-loader": "^3.7.2",
      "storybook-addon-designs": "^5.4.0",
      "ts-jest": "^26.4.1",
      "typescript": "^3.8.3"
    }
  }

yarn manifest: 
  No manifest

Lockfile: 
  No lockfile
